<?xml version="1.0" encoding="UTF-8"?>
<!-- Generated by org.testng.reporters.JUnitReportReporter -->
<testsuite hostname="gits-server" name="example.NewTest" tests="1" failures="0" timestamp="19 Aug 2016 13:34:43 GMT" time="0.013" errors="0">
  <testcase name="testJenkins" time="0.013" classname="example.NewTest"/>
</testsuite> <!-- example.NewTest -->
